<?xml version="1.0" encoding="utf-8" standalone="no"?>
<!--This file represents the results of running a test suite-->
<test-results name="d:\dev\AspNetMembershipManager\src\AspNetMembershipManager.Tests\bin\Release\AspNetMembershipManager.Tests.dll" total="1" errors="0" failures="0" not-run="0" inconclusive="0" ignored="0" skipped="0" invalid="0" date="2012-09-22" time="03:28:02">
  <environment nunit-version="2.6.1.12217" clr-version="2.0.50727.5420" os-version="Microsoft Windows NT 6.1.7601 Service Pack 1" platform="Win32NT" cwd="d:\dev\AspNetMembershipManager\build" machine-name="APOLLO" user="matthew" user-domain="URANUS" />
  <culture-info current-culture="en-GB" current-uiculture="en-US" />
  <test-suite type="Assembly" name="d:\dev\AspNetMembershipManager\src\AspNetMembershipManager.Tests\bin\Release\AspNetMembershipManager.Tests.dll" executed="True" result="Success" success="True" time="0.377" asserts="0">
    <results>
      <test-suite type="Namespace" name="AspNetMembershipManager" executed="True" result="Success" success="True" time="0.355" asserts="0">
        <results>
          <test-suite type="Namespace" name="Collections" executed="True" result="Success" success="True" time="0.354" asserts="0">
            <results>
              <test-suite type="Namespace" name="Specialized" executed="True" result="Success" success="True" time="0.354" asserts="0">
                <results>
                  <test-suite type="Namespace" name="NameValueCollectionExtensionsFixtures" executed="True" result="Success" success="True" time="0.353" asserts="0">
                    <results>
                      <test-suite type="TestFixture" name="When_converting_a_collection_to_a_dictionary" executed="True" result="Success" success="True" time="0.350" asserts="0">
                        <results>
                          <test-case name="AspNetMembershipManager.Collections.Specialized.NameValueCollectionExtensionsFixtures.When_converting_a_collection_to_a_dictionary.Should_contain_all_the_name_value_pairs_from_the_collection_as_key_value_pairs" executed="True" result="Success" success="True" time="0.333" asserts="0" />
                        </results>
                      </test-suite>
                    </results>
                  </test-suite>
                </results>
              </test-suite>
            </results>
          </test-suite>
        </results>
      </test-suite>
    </results>
  </test-suite>
</test-results>